#
# There is insufficient memory for the Java Runtime Environment to continue.
# Native memory allocation (malloc) failed to allocate 894976 bytes for Chunk::new
# Possible reasons:
#   The system is out of physical RAM or swap space
#   The process is running with CompressedOops enabled, and the Java Heap may be blocking the growth of the native heap
# Possible solutions:
#   Reduce memory load on the system
#   Increase physical memory or swap space
#   Check if swap backing store is full
#   Decrease Java heap size (-Xmx/-Xms)
#   Decrease number of Java threads
#   Decrease Java thread stack sizes (-Xss)
#   Set larger code cache with -XX:ReservedCodeCacheSize=
#   JVM is running with Unscaled Compressed Oops mode in which the Java heap is
#     placed in the first 4GB address space. The Java Heap base address is the
#     maximum limit for the native heap growth. Please use -XX:HeapBaseMinAddress
#     to set the Java Heap base and to place the Java Heap above 4GB virtual address.
# This output file may be truncated or incomplete.
#
#  Out of Memory Error (arena.cpp:189), pid=81172, tid=66580
#
# JRE version: Java(TM) SE Runtime Environment (17.0.10+11) (build 17.0.10+11-LTS-240)
# Java VM: Java HotSpot(TM) 64-Bit Server VM (17.0.10+11-LTS-240, mixed mode, sharing, tiered, compressed oops, compressed class ptrs, g1 gc, windows-amd64)
# No core dump will be written. Minidumps are not enabled by default on client versions of Windows
#

---------------  S U M M A R Y ------------

Command Line: -ea -Dfile.encoding=UTF-8 -Dstdout.encoding=UTF-8 -Dstderr.encoding=UTF-8 -XX:+ShowCodeDetailsInExceptionMessages org.testng.remote.RemoteTestNG -serport 53123 -protocol json -d C:\Users\Basil\git\Selenium_Learning\selenium\test-output C:\Users\Basil\AppData\Local\Temp\testng-eclipse-386664309\testng-customsuite.xml

Host: 11th Gen Intel(R) Core(TM) i5-1135G7 @ 2.40GHz, 8 cores, 7G,  Windows 10 , 64 bit Build 19041 (10.0.19041.4717)
Time: Thu Aug  8 18:27:13 2024 India Standard Time elapsed time: 0.645770 seconds (0d 0h 0m 0s)

---------------  T H R E A D  ---------------

Current thread (0x00000202b81c2f20):  JavaThread "C2 CompilerThread0" daemon [_thread_in_native, id=66580, stack(0x0000003119700000,0x0000003119800000)]


Current CompileTask:
C2:    645 1120       4       jdk.internal.org.objectweb.asm.Frame::execute (2305 bytes)

Stack: [0x0000003119700000,0x0000003119800000]
Native frames: (J=compiled Java code, j=interpreted, Vv=VM code, C=native code)
V  [jvm.dll+0x677a5a]
V  [jvm.dll+0x7d8b2d]
V  [jvm.dll+0x7da48e]
V  [jvm.dll+0x7daaf3]
V  [jvm.dll+0x2455ff]
V  [jvm.dll+0xaaafb]
V  [jvm.dll+0xab09c]
V  [jvm.dll+0x2aafef]
V  [jvm.dll+0x57fd55]
V  [jvm.dll+0x220472]
V  [jvm.dll+0x22084f]
V  [jvm.dll+0x2197a6]
V  [jvm.dll+0x216c79]
V  [jvm.dll+0x1a3410]
V  [jvm.dll+0x226aeb]
V  [jvm.dll+0x224cab]
V  [jvm.dll+0x78e45c]
V  [jvm.dll+0x78888a]
V  [jvm.dll+0x676935]
C  [ucrtbase.dll+0x21bb2]
C  [KERNEL32.DLL+0x17374]
C  [ntdll.dll+0x4cc91]


---------------  P R O C E S S  ---------------

Threads class SMR info:
_java_thread_list=0x00000202b8b13b90, length=13, elements={
0x000002029817e620, 0x00000202b81a2480, 0x00000202b81a2d50, 0x00000202b81b3100,
0x00000202b81b39d0, 0x00000202b81b62b0, 0x00000202b81b6b80, 0x00000202b81c2f20,
0x00000202b81d5c10, 0x00000202b81d6130, 0x00000202b83f6040, 0x00000202b8401f20,
0x00000202b891ef70
}

Java Threads: ( => current thread )
  0x000002029817e620 JavaThread "main" [_thread_in_vm, id=21848, stack(0x0000003118a00000,0x0000003118b00000)]
  0x00000202b81a2480 JavaThread "Reference Handler" daemon [_thread_blocked, id=84012, stack(0x0000003119100000,0x0000003119200000)]
  0x00000202b81a2d50 JavaThread "Finalizer" daemon [_thread_blocked, id=20772, stack(0x0000003119200000,0x0000003119300000)]
  0x00000202b81b3100 JavaThread "Signal Dispatcher" daemon [_thread_blocked, id=84312, stack(0x0000003119300000,0x0000003119400000)]
  0x00000202b81b39d0 JavaThread "Attach Listener" daemon [_thread_blocked, id=19100, stack(0x0000003119400000,0x0000003119500000)]
  0x00000202b81b62b0 JavaThread "Service Thread" daemon [_thread_blocked, id=87420, stack(0x0000003119500000,0x0000003119600000)]
  0x00000202b81b6b80 JavaThread "Monitor Deflation Thread" daemon [_thread_blocked, id=64488, stack(0x0000003119600000,0x0000003119700000)]
=>0x00000202b81c2f20 JavaThread "C2 CompilerThread0" daemon [_thread_in_native, id=66580, stack(0x0000003119700000,0x0000003119800000)]
  0x00000202b81d5c10 JavaThread "C1 CompilerThread0" daemon [_thread_blocked, id=5764, stack(0x0000003119800000,0x0000003119900000)]
  0x00000202b81d6130 JavaThread "Sweeper thread" daemon [_thread_blocked, id=81348, stack(0x0000003119900000,0x0000003119a00000)]
  0x00000202b83f6040 JavaThread "Notification Thread" daemon [_thread_blocked, id=47844, stack(0x0000003119a00000,0x0000003119b00000)]
  0x00000202b8401f20 JavaThread "Common-Cleaner" daemon [_thread_blocked, id=76084, stack(0x0000003119c00000,0x0000003119d00000)]
  0x00000202b891ef70 JavaThread "ReaderThread" [_thread_in_native, id=6032, stack(0x0000003119e00000,0x0000003119f00000)]

Other Threads:
  0x00000202b819dbc0 VMThread "VM Thread" [stack: 0x0000003119000000,0x0000003119100000] [id=69672]
  0x00000202981fa280 WatcherThread [stack: 0x0000003119b00000,0x0000003119c00000] [id=87224]
  0x00000202981d8e30 GCTaskThread "GC Thread#0" [stack: 0x0000003118b00000,0x0000003118c00000] [id=77536]
  0x00000202981e94d0 ConcurrentGCThread "G1 Main Marker" [stack: 0x0000003118c00000,0x0000003118d00000] [id=88684]
  0x00000202981ead00 ConcurrentGCThread "G1 Conc#0" [stack: 0x0000003118d00000,0x0000003118e00000] [id=20020]
  0x00000202b8057d60 ConcurrentGCThread "G1 Refine#0" [stack: 0x0000003118e00000,0x0000003118f00000] [id=54512]
  0x00000202b80585a0 ConcurrentGCThread "G1 Service" [stack: 0x0000003118f00000,0x0000003119000000] [id=3144]

Threads with active compile tasks:
C2 CompilerThread0      670 1120       4       jdk.internal.org.objectweb.asm.Frame::execute (2305 bytes)

VM state: not at safepoint (normal execution)

VM Mutex/Monitor currently owned by a thread: None

Heap address: 0x0000000083600000, size: 1994 MB, Compressed Oops mode: 32-bit

CDS archive(s) mapped at: [0x00000202b9000000-0x00000202b9bd0000-0x00000202b9bd0000), size 12386304, SharedBaseAddress: 0x00000202b9000000, ArchiveRelocationMode: 1.
Compressed class space mapped at: 0x00000202ba000000-0x00000202fa000000, reserved size: 1073741824
Narrow klass base: 0x00000202b9000000, Narrow klass shift: 0, Narrow klass range: 0x100000000

GC Precious Log:
 CPUs: 8 total, 8 available
 Memory: 7975M
 Large Page Support: Disabled
 NUMA Support: Disabled
 Compressed Oops: Enabled (32-bit)
 Heap Region Size: 1M
 Heap Min Capacity: 8M
 Heap Initial Capacity: 126M
 Heap Max Capacity: 1994M
 Pre-touch: Disabled
 Parallel Workers: 8
 Concurrent Workers: 2
 Concurrent Refinement Workers: 8
 Periodic GC: Disabled

Heap:
 garbage-first heap   total 129024K, used 19456K [0x0000000083600000, 0x0000000100000000)
  region size 1024K, 21 young (21504K), 0 survivors (0K)
 Metaspace       used 7531K, committed 7808K, reserved 1114112K
  class space    used 871K, committed 1024K, reserved 1048576K

Heap Regions: E=young(eden), S=young(survivor), O=old, HS=humongous(starts), HC=humongous(continues), CS=collection set, F=free, OA=open archive, CA=closed archive, TAMS=top-at-mark-start (previous, next)
|   0|0x0000000083600000, 0x0000000083600000, 0x0000000083700000|  0%| F|  |TAMS 0x0000000083600000, 0x0000000083600000| Untracked 
|   1|0x0000000083700000, 0x0000000083700000, 0x0000000083800000|  0%| F|  |TAMS 0x0000000083700000, 0x0000000083700000| Untracked 
|   2|0x0000000083800000, 0x0000000083800000, 0x0000000083900000|  0%| F|  |TAMS 0x0000000083800000, 0x0000000083800000| Untracked 
|   3|0x0000000083900000, 0x0000000083900000, 0x0000000083a00000|  0%| F|  |TAMS 0x0000000083900000, 0x0000000083900000| Untracked 
|   4|0x0000000083a00000, 0x0000000083a00000, 0x0000000083b00000|  0%| F|  |TAMS 0x0000000083a00000, 0x0000000083a00000| Untracked 
|   5|0x0000000083b00000, 0x0000000083b00000, 0x0000000083c00000|  0%| F|  |TAMS 0x0000000083b00000, 0x0000000083b00000| Untracked 
|   6|0x0000000083c00000, 0x0000000083c00000, 0x0000000083d00000|  0%| F|  |TAMS 0x0000000083c00000, 0x0000000083c00000| Untracked 
|   7|0x0000000083d00000, 0x0000000083d00000, 0x0000000083e00000|  0%| F|  |TAMS 0x0000000083d00000, 0x0000000083d00000| Untracked 
|   8|0x0000000083e00000, 0x0000000083e00000, 0x0000000083f00000|  0%| F|  |TAMS 0x0000000083e00000, 0x0000000083e00000| Untracked 
|   9|0x0000000083f00000, 0x0000000083f00000, 0x0000000084000000|  0%| F|  |TAMS 0x0000000083f00000, 0x0000000083f00000| Untracked 
|  10|0x0000000084000000, 0x0000000084000000, 0x0000000084100000|  0%| F|  |TAMS 0x0000000084000000, 0x0000000084000000| Untracked 
|  11|0x0000000084100000, 0x0000000084100000, 0x0000000084200000|  0%| F|  |TAMS 0x0000000084100000, 0x0000000084100000| Untracked 
|  12|0x0000000084200000, 0x0000000084200000, 0x0000000084300000|  0%| F|  |TAMS 0x0000000084200000, 0x0000000084200000| Untracked 
|  13|0x0000000084300000, 0x0000000084300000, 0x0000000084400000|  0%| F|  |TAMS 0x0000000084300000, 0x0000000084300000| Untracked 
|  14|0x0000000084400000, 0x0000000084400000, 0x0000000084500000|  0%| F|  |TAMS 0x0000000084400000, 0x0000000084400000| Untracked 
|  15|0x0000000084500000, 0x0000000084500000, 0x0000000084600000|  0%| F|  |TAMS 0x0000000084500000, 0x0000000084500000| Untracked 
|  16|0x0000000084600000, 0x0000000084600000, 0x0000000084700000|  0%| F|  |TAMS 0x0000000084600000, 0x0000000084600000| Untracked 
|  17|0x0000000084700000, 0x0000000084700000, 0x0000000084800000|  0%| F|  |TAMS 0x0000000084700000, 0x0000000084700000| Untracked 
|  18|0x0000000084800000, 0x0000000084800000, 0x0000000084900000|  0%| F|  |TAMS 0x0000000084800000, 0x0000000084800000| Untracked 
|  19|0x0000000084900000, 0x0000000084900000, 0x0000000084a00000|  0%| F|  |TAMS 0x0000000084900000, 0x0000000084900000| Untracked 
|  20|0x0000000084a00000, 0x0000000084a00000, 0x0000000084b00000|  0%| F|  |TAMS 0x0000000084a00000, 0x0000000084a00000| Untracked 
|  21|0x0000000084b00000, 0x0000000084b00000, 0x0000000084c00000|  0%| F|  |TAMS 0x0000000084b00000, 0x0000000084b00000| Untracked 
|  22|0x0000000084c00000, 0x0000000084c00000, 0x0000000084d00000|  0%| F|  |TAMS 0x0000000084c00000, 0x0000000084c00000| Untracked 
|  23|0x0000000084d00000, 0x0000000084d00000, 0x0000000084e00000|  0%| F|  |TAMS 0x0000000084d00000, 0x0000000084d00000| Untracked 
|  24|0x0000000084e00000, 0x0000000084e00000, 0x0000000084f00000|  0%| F|  |TAMS 0x0000000084e00000, 0x0000000084e00000| Untracked 
|  25|0x0000000084f00000, 0x0000000084f00000, 0x0000000085000000|  0%| F|  |TAMS 0x0000000084f00000, 0x0000000084f00000| Untracked 
|  26|0x0000000085000000, 0x0000000085000000, 0x0000000085100000|  0%| F|  |TAMS 0x0000000085000000, 0x0000000085000000| Untracked 
|  27|0x0000000085100000, 0x0000000085100000, 0x0000000085200000|  0%| F|  |TAMS 0x0000000085100000, 0x0000000085100000| Untracked 
|  28|0x0000000085200000, 0x0000000085200000, 0x0000000085300000|  0%| F|  |TAMS 0x0000000085200000, 0x0000000085200000| Untracked 
|  29|0x0000000085300000, 0x0000000085300000, 0x0000000085400000|  0%| F|  |TAMS 0x0000000085300000, 0x0000000085300000| Untracked 
|  30|0x0000000085400000, 0x0000000085400000, 0x0000000085500000|  0%| F|  |TAMS 0x0000000085400000, 0x0000000085400000| Untracked 
|  31|0x0000000085500000, 0x0000000085500000, 0x0000000085600000|  0%| F|  |TAMS 0x0000000085500000, 0x0000000085500000| Untracked 
|  32|0x0000000085600000, 0x0000000085600000, 0x0000000085700000|  0%| F|  |TAMS 0x0000000085600000, 0x0000000085600000| Untracked 
|  33|0x0000000085700000, 0x0000000085700000, 0x0000000085800000|  0%| F|  |TAMS 0x0000000085700000, 0x0000000085700000| Untracked 
|  34|0x0000000085800000, 0x0000000085800000, 0x0000000085900000|  0%| F|  |TAMS 0x0000000085800000, 0x0000000085800000| Untracked 
|  35|0x0000000085900000, 0x0000000085900000, 0x0000000085a00000|  0%| F|  |TAMS 0x0000000085900000, 0x0000000085900000| Untracked 
|  36|0x0000000085a00000, 0x0000000085a00000, 0x0000000085b00000|  0%| F|  |TAMS 0x0000000085a00000, 0x0000000085a00000| Untracked 
|  37|0x0000000085b00000, 0x0000000085b00000, 0x0000000085c00000|  0%| F|  |TAMS 0x0000000085b00000, 0x0000000085b00000| Untracked 
|  38|0x0000000085c00000, 0x0000000085c00000, 0x0000000085d00000|  0%| F|  |TAMS 0x0000000085c00000, 0x0000000085c00000| Untracked 
|  39|0x0000000085d00000, 0x0000000085d00000, 0x0000000085e00000|  0%| F|  |TAMS 0x0000000085d00000, 0x0000000085d00000| Untracked 
|  40|0x0000000085e00000, 0x0000000085e00000, 0x0000000085f00000|  0%| F|  |TAMS 0x0000000085e00000, 0x0000000085e00000| Untracked 
|  41|0x0000000085f00000, 0x0000000085f00000, 0x0000000086000000|  0%| F|  |TAMS 0x0000000085f00000, 0x0000000085f00000| Untracked 
|  42|0x0000000086000000, 0x0000000086000000, 0x0000000086100000|  0%| F|  |TAMS 0x0000000086000000, 0x0000000086000000| Untracked 
|  43|0x0000000086100000, 0x0000000086100000, 0x0000000086200000|  0%| F|  |TAMS 0x0000000086100000, 0x0000000086100000| Untracked 
|  44|0x0000000086200000, 0x0000000086200000, 0x0000000086300000|  0%| F|  |TAMS 0x0000000086200000, 0x0000000086200000| Untracked 
|  45|0x0000000086300000, 0x0000000086300000, 0x0000000086400000|  0%| F|  |TAMS 0x0000000086300000, 0x0000000086300000| Untracked 
|  46|0x0000000086400000, 0x0000000086400000, 0x0000000086500000|  0%| F|  |TAMS 0x0000000086400000, 0x0000000086400000| Untracked 
|  47|0x0000000086500000, 0x0000000086500000, 0x0000000086600000|  0%| F|  |TAMS 0x0000000086500000, 0x0000000086500000| Untracked 
|  48|0x0000000086600000, 0x0000000086600000, 0x0000000086700000|  0%| F|  |TAMS 0x0000000086600000, 0x0000000086600000| Untracked 
|  49|0x0000000086700000, 0x0000000086700000, 0x0000000086800000|  0%| F|  |TAMS 0x0000000086700000, 0x0000000086700000| Untracked 
|  50|0x0000000086800000, 0x0000000086800000, 0x0000000086900000|  0%| F|  |TAMS 0x0000000086800000, 0x0000000086800000| Untracked 
|  51|0x0000000086900000, 0x0000000086900000, 0x0000000086a00000|  0%| F|  |TAMS 0x0000000086900000, 0x0000000086900000| Untracked 
|  52|0x0000000086a00000, 0x0000000086a00000, 0x0000000086b00000|  0%| F|  |TAMS 0x0000000086a00000, 0x0000000086a00000| Untracked 
|  53|0x0000000086b00000, 0x0000000086b00000, 0x0000000086c00000|  0%| F|  |TAMS 0x0000000086b00000, 0x0000000086b00000| Untracked 
|  54|0x0000000086c00000, 0x0000000086c00000, 0x0000000086d00000|  0%| F|  |TAMS 0x0000000086c00000, 0x0000000086c00000| Untracked 
|  55|0x0000000086d00000, 0x0000000086d00000, 0x0000000086e00000|  0%| F|  |TAMS 0x0000000086d00000, 0x0000000086d00000| Untracked 
|  56|0x0000000086e00000, 0x0000000086e00000, 0x0000000086f00000|  0%| F|  |TAMS 0x0000000086e00000, 0x0000000086e00000| Untracked 
|  57|0x0000000086f00000, 0x0000000086f00000, 0x0000000087000000|  0%| F|  |TAMS 0x0000000086f00000, 0x0000000086f00000| Untracked 
|  58|0x0000000087000000, 0x0000000087000000, 0x0000000087100000|  0%| F|  |TAMS 0x0000000087000000, 0x0000000087000000| Untracked 
|  59|0x0000000087100000, 0x0000000087100000, 0x0000000087200000|  0%| F|  |TAMS 0x0000000087100000, 0x0000000087100000| Untracked 
|  60|0x0000000087200000, 0x0000000087200000, 0x0000000087300000|  0%| F|  |TAMS 0x0000000087200000, 0x0000000087200000| Untracked 
|  61|0x0000000087300000, 0x0000000087300000, 0x0000000087400000|  0%| F|  |TAMS 0x0000000087300000, 0x0000000087300000| Untracked 
|  62|0x0000000087400000, 0x0000000087400000, 0x0000000087500000|  0%| F|  |TAMS 0x0000000087400000, 0x0000000087400000| Untracked 
|  63|0x0000000087500000, 0x0000000087500000, 0x0000000087600000|  0%| F|  |TAMS 0x0000000087500000, 0x0000000087500000| Untracked 
|  64|0x0000000087600000, 0x0000000087600000, 0x0000000087700000|  0%| F|  |TAMS 0x0000000087600000, 0x0000000087600000| Untracked 
|  65|0x0000000087700000, 0x0000000087700000, 0x0000000087800000|  0%| F|  |TAMS 0x0000000087700000, 0x0000000087700000| Untracked 
|  66|0x0000000087800000, 0x0000000087800000, 0x0000000087900000|  0%| F|  |TAMS 0x0000000087800000, 0x0000000087800000| Untracked 
|  67|0x0000000087900000, 0x0000000087900000, 0x0000000087a00000|  0%| F|  |TAMS 0x0000000087900000, 0x0000000087900000| Untracked 
|  68|0x0000000087a00000, 0x0000000087a00000, 0x0000000087b00000|  0%| F|  |TAMS 0x0000000087a00000, 0x0000000087a00000| Untracked 
|  69|0x0000000087b00000, 0x0000000087b00000, 0x0000000087c00000|  0%| F|  |TAMS 0x0000000087b00000, 0x0000000087b00000| Untracked 
|  70|0x0000000087c00000, 0x0000000087c00000, 0x0000000087d00000|  0%| F|  |TAMS 0x0000000087c00000, 0x0000000087c00000| Untracked 
|  71|0x0000000087d00000, 0x0000000087d00000, 0x0000000087e00000|  0%| F|  |TAMS 0x0000000087d00000, 0x0000000087d00000| Untracked 
|  72|0x0000000087e00000, 0x0000000087e00000, 0x0000000087f00000|  0%| F|  |TAMS 0x0000000087e00000, 0x0000000087e00000| Untracked 
|  73|0x0000000087f00000, 0x0000000087f00000, 0x0000000088000000|  0%| F|  |TAMS 0x0000000087f00000, 0x0000000087f00000| Untracked 
|  74|0x0000000088000000, 0x0000000088000000, 0x0000000088100000|  0%| F|  |TAMS 0x0000000088000000, 0x0000000088000000| Untracked 
|  75|0x0000000088100000, 0x0000000088100000, 0x0000000088200000|  0%| F|  |TAMS 0x0000000088100000, 0x0000000088100000| Untracked 
|  76|0x0000000088200000, 0x0000000088200000, 0x0000000088300000|  0%| F|  |TAMS 0x0000000088200000, 0x0000000088200000| Untracked 
|  77|0x0000000088300000, 0x0000000088300000, 0x0000000088400000|  0%| F|  |TAMS 0x0000000088300000, 0x0000000088300000| Untracked 
|  78|0x0000000088400000, 0x0000000088400000, 0x0000000088500000|  0%| F|  |TAMS 0x0000000088400000, 0x0000000088400000| Untracked 
|  79|0x0000000088500000, 0x0000000088500000, 0x0000000088600000|  0%| F|  |TAMS 0x0000000088500000, 0x0000000088500000| Untracked 
|  80|0x0000000088600000, 0x0000000088600000, 0x0000000088700000|  0%| F|  |TAMS 0x0000000088600000, 0x0000000088600000| Untracked 
|  81|0x0000000088700000, 0x0000000088700000, 0x0000000088800000|  0%| F|  |TAMS 0x0000000088700000, 0x0000000088700000| Untracked 
|  82|0x0000000088800000, 0x0000000088800000, 0x0000000088900000|  0%| F|  |TAMS 0x0000000088800000, 0x0000000088800000| Untracked 
|  83|0x0000000088900000, 0x0000000088900000, 0x0000000088a00000|  0%| F|  |TAMS 0x0000000088900000, 0x0000000088900000| Untracked 
|  84|0x0000000088a00000, 0x0000000088a00000, 0x0000000088b00000|  0%| F|  |TAMS 0x0000000088a00000, 0x0000000088a00000| Untracked 
|  85|0x0000000088b00000, 0x0000000088b00000, 0x0000000088c00000|  0%| F|  |TAMS 0x0000000088b00000, 0x0000000088b00000| Untracked 
|  86|0x0000000088c00000, 0x0000000088c00000, 0x0000000088d00000|  0%| F|  |TAMS 0x0000000088c00000, 0x0000000088c00000| Untracked 
|  87|0x0000000088d00000, 0x0000000088d00000, 0x0000000088e00000|  0%| F|  |TAMS 0x0000000088d00000, 0x0000000088d00000| Untracked 
|  88|0x0000000088e00000, 0x0000000088e00000, 0x0000000088f00000|  0%| F|  |TAMS 0x0000000088e00000, 0x0000000088e00000| Untracked 
|  89|0x0000000088f00000, 0x0000000088f00000, 0x0000000089000000|  0%| F|  |TAMS 0x0000000088f00000, 0x0000000088f00000| Untracked 
|  90|0x0000000089000000, 0x0000000089000000, 0x0000000089100000|  0%| F|  |TAMS 0x0000000089000000, 0x0000000089000000| Untracked 
|  91|0x0000000089100000, 0x0000000089100000, 0x0000000089200000|  0%| F|  |TAMS 0x0000000089100000, 0x0000000089100000| Untracked 
|  92|0x0000000089200000, 0x0000000089200000, 0x0000000089300000|  0%| F|  |TAMS 0x0000000089200000, 0x0000000089200000| Untracked 
|  93|0x0000000089300000, 0x0000000089300000, 0x0000000089400000|  0%| F|  |TAMS 0x0000000089300000, 0x0000000089300000| Untracked 
|  94|0x0000000089400000, 0x0000000089400000, 0x0000000089500000|  0%| F|  |TAMS 0x0000000089400000, 0x0000000089400000| Untracked 
|  95|0x0000000089500000, 0x0000000089500000, 0x0000000089600000|  0%| F|  |TAMS 0x0000000089500000, 0x0000000089500000| Untracked 
|  96|0x0000000089600000, 0x0000000089600000, 0x0000000089700000|  0%| F|  |TAMS 0x0000000089600000, 0x0000000089600000| Untracked 
|  97|0x0000000089700000, 0x0000000089700000, 0x0000000089800000|  0%| F|  |TAMS 0x0000000089700000, 0x0000000089700000| Untracked 
|  98|0x0000000089800000, 0x0000000089800000, 0x0000000089900000|  0%| F|  |TAMS 0x0000000089800000, 0x0000000089800000| Untracked 
|  99|0x0000000089900000, 0x0000000089900000, 0x0000000089a00000|  0%| F|  |TAMS 0x0000000089900000, 0x0000000089900000| Untracked 
| 100|0x0000000089a00000, 0x0000000089a00000, 0x0000000089b00000|  0%| F|  |TAMS 0x0000000089a00000, 0x0000000089a00000| Untracked 
| 101|0x0000000089b00000, 0x0000000089b00000, 0x0000000089c00000|  0%| F|  |TAMS 0x0000000089b00000, 0x0000000089b00000| Untracked 
| 102|0x0000000089c00000, 0x0000000089c00000, 0x0000000089d00000|  0%| F|  |TAMS 0x0000000089c00000, 0x0000000089c00000| Untracked 
| 103|0x0000000089d00000, 0x0000000089d00000, 0x0000000089e00000|  0%| F|  |TAMS 0x0000000089d00000, 0x0000000089d00000| Untracked 
| 104|0x0000000089e00000, 0x0000000089e00000, 0x0000000089f00000|  0%| F|  |TAMS 0x0000000089e00000, 0x0000000089e00000| Untracked 
| 105|0x0000000089f00000, 0x0000000089f7b448, 0x000000008a000000| 48%| E|  |TAMS 0x0000000089f00000, 0x0000000089f00000| Complete 
| 106|0x000000008a000000, 0x000000008a100000, 0x000000008a100000|100%| E|CS|TAMS 0x000000008a000000, 0x000000008a000000| Complete 
| 107|0x000000008a100000, 0x000000008a200000, 0x000000008a200000|100%| E|CS|TAMS 0x000000008a100000, 0x000000008a100000| Complete 
| 108|0x000000008a200000, 0x000000008a300000, 0x000000008a300000|100%| E|CS|TAMS 0x000000008a200000, 0x000000008a200000| Complete 
| 109|0x000000008a300000, 0x000000008a400000, 0x000000008a400000|100%| E|CS|TAMS 0x000000008a300000, 0x000000008a300000| Complete 
| 110|0x000000008a400000, 0x000000008a500000, 0x000000008a500000|100%| E|CS|TAMS 0x000000008a400000, 0x000000008a400000| Complete 
| 111|0x000000008a500000, 0x000000008a600000, 0x000000008a600000|100%| E|CS|TAMS 0x000000008a500000, 0x000000008a500000| Complete 
| 112|0x000000008a600000, 0x000000008a700000, 0x000000008a700000|100%| E|CS|TAMS 0x000000008a600000, 0x000000008a600000| Complete 
| 113|0x000000008a700000, 0x000000008a800000, 0x000000008a800000|100%| E|CS|TAMS 0x000000008a700000, 0x000000008a700000| Complete 
| 114|0x000000008a800000, 0x000000008a900000, 0x000000008a900000|100%| E|CS|TAMS 0x000000008a800000, 0x000000008a800000| Complete 
| 115|0x000000008a900000, 0x000000008aa00000, 0x000000008aa00000|100%| E|CS|TAMS 0x000000008a900000, 0x000000008a900000| Complete 
| 116|0x000000008aa00000, 0x000000008ab00000, 0x000000008ab00000|100%| E|CS|TAMS 0x000000008aa00000, 0x000000008aa00000| Complete 
| 117|0x000000008ab00000, 0x000000008ac00000, 0x000000008ac00000|100%| E|CS|TAMS 0x000000008ab00000, 0x000000008ab00000| Complete 
| 118|0x000000008ac00000, 0x000000008ad00000, 0x000000008ad00000|100%| E|CS|TAMS 0x000000008ac00000, 0x000000008ac00000| Complete 
| 119|0x000000008ad00000, 0x000000008ae00000, 0x000000008ae00000|100%| E|CS|TAMS 0x000000008ad00000, 0x000000008ad00000| Complete 
| 120|0x000000008ae00000, 0x000000008af00000, 0x000000008af00000|100%| E|CS|TAMS 0x000000008ae00000, 0x000000008ae00000| Complete 
| 121|0x000000008af00000, 0x000000008b000000, 0x000000008b000000|100%| E|CS|TAMS 0x000000008af00000, 0x000000008af00000| Complete 
| 122|0x000000008b000000, 0x000000008b100000, 0x000000008b100000|100%| E|CS|TAMS 0x000000008b000000, 0x000000008b000000| Complete 
| 123|0x000000008b100000, 0x000000008b200000, 0x000000008b200000|100%| E|  |TAMS 0x000000008b100000, 0x000000008b100000| Complete 
| 124|0x000000008b200000, 0x000000008b300000, 0x000000008b300000|100%| E|CS|TAMS 0x000000008b200000, 0x000000008b200000| Complete 
| 125|0x000000008b300000, 0x000000008b400000, 0x000000008b400000|100%| E|CS|TAMS 0x000000008b300000, 0x000000008b300000| Complete 

Card table byte_map: [0x00000202b10b0000,0x00000202b14a0000] _byte_map_base: 0x00000202b0c95000

Marking Bits (Prev, Next): (CMBitMap*) 0x00000202981d9260, (CMBitMap*) 0x00000202981d92a0
 Prev Bits: [0x00000202b1890000, 0x00000202b37b8000)
 Next Bits: [0x00000202b37c0000, 0x00000202b56e8000)

Polling page: 0x0000020298250000

Metaspace:

Usage:
  Non-class:      6.53 MB used.
      Class:    873.32 KB used.
       Both:      7.39 MB used.

Virtual space:
  Non-class space:       64.00 MB reserved,       6.62 MB ( 10%) committed,  1 nodes.
      Class space:        1.00 GB reserved,       1.00 MB ( <1%) committed,  1 nodes.
             Both:        1.06 GB reserved,       7.62 MB ( <1%) committed. 

Chunk freelists:
   Non-Class:  9.25 MB
       Class:  14.91 MB
        Both:  24.16 MB

MaxMetaspaceSize: unlimited
CompressedClassSpaceSize: 1.00 GB
Initial GC threshold: 21.00 MB
Current GC threshold: 21.00 MB
CDS: on
MetaspaceReclaimPolicy: balanced
 - commit_granule_bytes: 65536.
 - commit_granule_words: 8192.
 - virtual_space_node_default_size: 8388608.
 - enlarge_chunks_in_place: 1.
 - new_chunks_are_fully_committed: 0.
 - uncommit_free_chunks: 1.
 - use_allocation_guard: 0.
 - handle_deallocations: 1.


Internal statistics:

num_allocs_failed_limit: 0.
num_arena_births: 238.
num_arena_deaths: 0.
num_vsnodes_births: 2.
num_vsnodes_deaths: 0.
num_space_committed: 122.
num_space_uncommitted: 0.
num_chunks_returned_to_freelist: 0.
num_chunks_taken_from_freelist: 444.
num_chunk_merges: 0.
num_chunk_splits: 269.
num_chunks_enlarged: 164.
num_inconsistent_stats: 0.

CodeHeap 'non-profiled nmethods': size=120000Kb used=410Kb max_used=410Kb free=119589Kb
 bounds [0x00000202a8d30000, 0x00000202a8fa0000, 0x00000202b0260000]
CodeHeap 'profiled nmethods': size=120000Kb used=2403Kb max_used=2403Kb free=117597Kb
 bounds [0x00000202a1260000, 0x00000202a14d0000, 0x00000202a8790000]
CodeHeap 'non-nmethods': size=5760Kb used=1191Kb max_used=1191Kb free=4568Kb
 bounds [0x00000202a8790000, 0x00000202a8a00000, 0x00000202a8d30000]
 total_blobs=1786 nmethods=1319 adapters=379
 compilation: enabled
              stopped_count=0, restarted_count=0
 full_count=0

Compilation events (20 events):
Event: 0.637 Thread 0x00000202b81d5c10 nmethod 1277 0x00000202a1494f10 code [0x00000202a1495200, 0x00000202a1496668]
Event: 0.637 Thread 0x00000202b81d5c10 1275   !   3       java.lang.reflect.Field::declaredAnnotations (82 bytes)
Event: 0.638 Thread 0x00000202b81d5c10 nmethod 1275 0x00000202a1496f10 code [0x00000202a1497100, 0x00000202a1497628]
Event: 0.638 Thread 0x00000202b81d5c10 1276       1       java.util.Collections$EmptyIterator::hasNext (2 bytes)
Event: 0.638 Thread 0x00000202b81d5c10 nmethod 1276 0x00000202a8d95490 code [0x00000202a8d95620, 0x00000202a8d956f8]
Event: 0.638 Thread 0x00000202b81d5c10 1278       3       java.lang.invoke.LambdaFormEditor$TransformKey::<init> (15 bytes)
Event: 0.638 Thread 0x00000202b81d5c10 nmethod 1278 0x00000202a1497910 code [0x00000202a1497aa0, 0x00000202a1497c38]
Event: 0.639 Thread 0x00000202b81d5c10 1279       3       jdk.internal.reflect.ConstructorAccessorImpl::<init> (5 bytes)
Event: 0.639 Thread 0x00000202b81d5c10 nmethod 1279 0x00000202a1497d10 code [0x00000202a1497ec0, 0x00000202a1498078]
Event: 0.639 Thread 0x00000202b81d5c10 1280       3       java.lang.reflect.Array::newInstance (6 bytes)
Event: 0.639 Thread 0x00000202b81d5c10 nmethod 1280 0x00000202a1498190 code [0x00000202a1498320, 0x00000202a1498428]
Event: 0.639 Thread 0x00000202b81d5c10 1281       3       java.lang.invoke.LambdaFormBuffer::indexOf (33 bytes)
Event: 0.640 Thread 0x00000202b81d5c10 nmethod 1281 0x00000202a1498510 code [0x00000202a14986e0, 0x00000202a1498a98]
Event: 0.640 Thread 0x00000202b81d5c10 1282       3       java.lang.invoke.InvokerBytecodeGenerator::isStaticallyNameable (148 bytes)
Event: 0.641 Thread 0x00000202b81d5c10 nmethod 1282 0x00000202a1498b90 code [0x00000202a1498ec0, 0x00000202a149a178]
Event: 0.641 Thread 0x00000202b81d5c10 1283       3       jdk.internal.org.objectweb.asm.Type::getArgumentTypes (154 bytes)
Event: 0.643 Thread 0x00000202b81d5c10 nmethod 1283 0x00000202a149a690 code [0x00000202a149ab60, 0x00000202a149d408]
Event: 0.643 Thread 0x00000202b81d5c10 1285       3       jdk.internal.org.objectweb.asm.Frame::setInputFrameFromDescriptor (175 bytes)
Event: 0.644 Thread 0x00000202b81d5c10 nmethod 1285 0x00000202a149e310 code [0x00000202a149e520, 0x00000202a149ed18]
Event: 0.644 Thread 0x00000202b81d5c10 1284       3       jdk.internal.org.objectweb.asm.ClassWriter::visit (160 bytes)

GC Heap History (0 events):
No events

Deoptimization events (20 events):
Event: 0.125 Thread 0x000002029817e620 DEOPT PACKING pc=0x00000202a1277ee7 sp=0x0000003118afb350
Event: 0.125 Thread 0x000002029817e620 DEOPT UNPACKING pc=0x00000202a87e66e3 sp=0x0000003118afa770 mode 0
Event: 0.188 Thread 0x000002029817e620 Uncommon trap: trap_request=0xffffff45 fr.pc=0x00000202a8d380e4 relative=0x0000000000000064
Event: 0.188 Thread 0x000002029817e620 Uncommon trap: reason=unstable_if action=reinterpret pc=0x00000202a8d380e4 method=java.io.WinNTFileSystem.isSlash(C)Z @ 9 c2
Event: 0.188 Thread 0x000002029817e620 DEOPT PACKING pc=0x00000202a8d380e4 sp=0x0000003118afef10
Event: 0.188 Thread 0x000002029817e620 DEOPT UNPACKING pc=0x00000202a87e5ba3 sp=0x0000003118afee98 mode 2
Event: 0.203 Thread 0x000002029817e620 DEOPT PACKING pc=0x00000202a12995e5 sp=0x0000003118afaed0
Event: 0.203 Thread 0x000002029817e620 DEOPT UNPACKING pc=0x00000202a87e66e3 sp=0x0000003118afa320 mode 0
Event: 0.216 Thread 0x000002029817e620 Uncommon trap: trap_request=0xffffff6e fr.pc=0x00000202a8d51308 relative=0x00000000000003e8
Event: 0.216 Thread 0x000002029817e620 Uncommon trap: reason=loop_limit_check action=maybe_recompile pc=0x00000202a8d51308 method=java.lang.StringLatin1.indexOf([BI[BII)I @ 37 c2
Event: 0.216 Thread 0x000002029817e620 DEOPT PACKING pc=0x00000202a8d51308 sp=0x0000003118afe770
Event: 0.216 Thread 0x000002029817e620 DEOPT UNPACKING pc=0x00000202a87e5ba3 sp=0x0000003118afe6d0 mode 2
Event: 0.339 Thread 0x000002029817e620 Uncommon trap: trap_request=0xffffff45 fr.pc=0x00000202a8d49b70 relative=0x0000000000000250
Event: 0.339 Thread 0x000002029817e620 Uncommon trap: reason=unstable_if action=reinterpret pc=0x00000202a8d49b70 method=java.lang.String.startsWith(Ljava/lang/String;I)Z @ 1 c2
Event: 0.339 Thread 0x000002029817e620 DEOPT PACKING pc=0x00000202a8d49b70 sp=0x0000003118afce20
Event: 0.339 Thread 0x000002029817e620 DEOPT UNPACKING pc=0x00000202a87e5ba3 sp=0x0000003118afcd88 mode 2
Event: 0.490 Thread 0x000002029817e620 DEOPT PACKING pc=0x00000202a12919be sp=0x0000003118afe3b0
Event: 0.490 Thread 0x000002029817e620 DEOPT UNPACKING pc=0x00000202a87e66e3 sp=0x0000003118afd828 mode 0
Event: 0.505 Thread 0x000002029817e620 DEOPT PACKING pc=0x00000202a12ac5fe sp=0x0000003118afa980
Event: 0.505 Thread 0x000002029817e620 DEOPT UNPACKING pc=0x00000202a87e66e3 sp=0x0000003118af9df0 mode 0

Classes unloaded (0 events):
No events

Classes redefined (0 events):
No events

Internal exceptions (20 events):
Event: 0.488 Thread 0x000002029817e620 Exception <a 'java/lang/NoSuchMethodError'{0x000000008a60ccc0}: 'java.lang.Object java.lang.invoke.DirectMethodHandle$Holder.invokeInterface(java.lang.Object, java.lang.Object)'> (0x000000008a60ccc0) 
thrown [s\open\src\hotspot\share\interpreter\linkResolver.cpp, line 759]
Event: 0.493 Thread 0x000002029817e620 Exception <a 'java/lang/NoSuchMethodError'{0x000000008a62c860}: 'int java.lang.invoke.DirectMethodHandle$Holder.invokeVirtual(java.lang.Object, java.lang.Object)'> (0x000000008a62c860) 
thrown [s\open\src\hotspot\share\interpreter\linkResolver.cpp, line 759]
Event: 0.516 Thread 0x000002029817e620 Exception <a 'java/lang/NoSuchMethodError'{0x000000008a6bb278}: 'java.lang.Object java.lang.invoke.DirectMethodHandle$Holder.invokeSpecial(java.lang.Object, java.lang.Object, java.lang.Object, int, java.lang.Object)'> (0x000000008a6bb278) 
thrown [s\open\src\hotspot\share\interpreter\linkResolver.cpp, line 759]
Event: 0.519 Thread 0x000002029817e620 Exception <a 'java/lang/NoSuchMethodError'{0x000000008a6d3668}: 'int java.lang.invoke.DirectMethodHandle$Holder.invokeStaticInit(java.lang.Object, java.lang.Object, java.lang.Object)'> (0x000000008a6d3668) 
thrown [s\open\src\hotspot\share\interpreter\linkResolver.cpp, line 759]
Event: 0.556 Thread 0x000002029817e620 Exception <a 'java/lang/IncompatibleClassChangeError'{0x000000008a43b870}: Found class java.lang.Object, but interface was expected> (0x000000008a43b870) 
thrown [s\open\src\hotspot\share\interpreter\linkResolver.cpp, line 826]
Event: 0.559 Thread 0x000002029817e620 Exception <a 'java/lang/NoSuchMethodError'{0x000000008a4538d0}: 'java.lang.Object java.lang.invoke.DirectMethodHandle$Holder.invokeSpecial(java.lang.Object, java.lang.Object, java.lang.Object, java.lang.Object, java.lang.Object, java.lang.Object, java.lang.Object, java.lang.Object, java.lang.Object, java.lang.Object)'> (0x000000008a4538d0) 
thrown [s\open\src\hotspot\share\interpreter\linkResolver.cpp, line 759]
Event: 0.559 Thread 0x000002029817e620 Exception <a 'java/lang/NoSuchMethodError'{0x000000008a45e5b0}: 'java.lang.Object java.lang.invoke.DirectMethodHandle$Holder.newInvokeSpecial(java.lang.Object, java.lang.Object, java.lang.Object, java.lang.Object, java.lang.Object, java.lang.Object, java.lang.Object, java.lang.Object, java.lang.Object)'> (0x000000008a45e5b0) 
thrown [s\open\src\hotspot\share\interpreter\linkResolver.cpp, line 759]
Event: 0.559 Thread 0x000002029817e620 Exception <a 'java/lang/NoSuchMethodError'{0x000000008a463900}: 'java.lang.Object java.lang.invoke.Invokers$Holder.linkToTargetMethod(java.lang.Object, java.lang.Object, java.lang.Object, java.lang.Object, java.lang.Object, java.lang.Object, java.lang.Object, java.lang.Object, java.lang.Object)'> (0x000000008a463900) 
thrown [s\open\src\hotspot\share\interpreter\linkResolver.cpp, line 759]
Event: 0.566 Thread 0x000002029817e620 Exception <a 'java/lang/NoSuchMethodError'{0x000000008a4b68b0}: 'java.lang.Object java.lang.invoke.DirectMethodHandle$Holder.newInvokeSpecial(java.lang.Object, java.lang.Object, java.lang.Object, java.lang.Object, java.lang.Object, java.lang.Object, java.lang.Object)'> (0x000000008a4b68b0) 
thrown [s\open\src\hotspot\share\interpreter\linkResolver.cpp, line 759]
Event: 0.566 Thread 0x000002029817e620 Exception <a 'java/lang/NoSuchMethodError'{0x000000008a4bb518}: 'java.lang.Object java.lang.invoke.Invokers$Holder.linkToTargetMethod(java.lang.Object, java.lang.Object, java.lang.Object, java.lang.Object, java.lang.Object, java.lang.Object, java.lang.Object)'> (0x000000008a4bb518) 
thrown [s\open\src\hotspot\share\interpreter\linkResolver.cpp, line 759]
Event: 0.575 Thread 0x000002029817e620 Exception <a 'java/lang/NoSuchMethodError'{0x000000008a30ef20}: 'java.lang.Object java.lang.invoke.DirectMethodHandle$Holder.newInvokeSpecial(java.lang.Object, java.lang.Object, java.lang.Object, java.lang.Object, java.lang.Object)'> (0x000000008a30ef20) 
thrown [s\open\src\hotspot\share\interpreter\linkResolver.cpp, line 759]
Event: 0.579 Thread 0x000002029817e620 Exception <a 'java/lang/NoSuchMethodError'{0x000000008a33ee48}: 'int java.lang.invoke.DirectMethodHandle$Holder.invokeSpecial(java.lang.Object, java.lang.Object, java.lang.Object)'> (0x000000008a33ee48) 
thrown [s\open\src\hotspot\share\interpreter\linkResolver.cpp, line 759]
Event: 0.587 Thread 0x000002029817e620 Exception <a 'java/lang/IncompatibleClassChangeError'{0x000000008a3b1e28}: Found class java.lang.Object, but interface was expected> (0x000000008a3b1e28) 
thrown [s\open\src\hotspot\share\interpreter\linkResolver.cpp, line 826]
Event: 0.595 Thread 0x000002029817e620 Exception <a 'java/lang/NoSuchMethodError'{0x000000008a225e40}: 'java.lang.Object java.lang.invoke.Invokers$Holder.linkToTargetMethod(java.lang.Object, long, java.lang.Object)'> (0x000000008a225e40) 
thrown [s\open\src\hotspot\share\interpreter\linkResolver.cpp, line 759]
Event: 0.596 Thread 0x000002029817e620 Exception <a 'java/lang/NoSuchMethodError'{0x000000008a231320}: 'java.lang.Object java.lang.invoke.DirectMethodHandle$Holder.newInvokeSpecial(java.lang.Object, java.lang.Object, int, java.lang.Object, java.lang.Object)'> (0x000000008a231320) 
thrown [s\open\src\hotspot\share\interpreter\linkResolver.cpp, line 759]
Event: 0.602 Thread 0x000002029817e620 Exception <a 'java/lang/NoSuchMethodError'{0x000000008a28ddd0}: 'java.lang.Object java.lang.invoke.DirectMethodHandle$Holder.invokeStatic(java.lang.Object, java.lang.Object, java.lang.Object, int, java.lang.Object, java.lang.Object)'> (0x000000008a28ddd0) 
thrown [s\open\src\hotspot\share\interpreter\linkResolver.cpp, line 759]
Event: 0.603 Thread 0x000002029817e620 Exception <a 'java/lang/NoSuchMethodError'{0x000000008a295ed8}: 'java.lang.Object java.lang.invoke.DirectMethodHandle$Holder.newInvokeSpecial(java.lang.Object, java.lang.Object, java.lang.Object, int, java.lang.Object)'> (0x000000008a295ed8) 
thrown [s\open\src\hotspot\share\interpreter\linkResolver.cpp, line 759]
Event: 0.603 Thread 0x000002029817e620 Exception <a 'java/lang/NoSuchMethodError'{0x000000008a29d8a8}: 'java.lang.Object java.lang.invoke.Invokers$Holder.linkToTargetMethod(java.lang.Object, java.lang.Object, int, java.lang.Object, java.lang.Object)'> (0x000000008a29d8a8) 
thrown [s\open\src\hotspot\share\interpreter\linkResolver.cpp, line 759]
Event: 0.611 Thread 0x000002029817e620 Exception <a 'java/lang/NoSuchMethodError'{0x000000008a2eed10}: 'java.lang.Object java.lang.invoke.DirectMethodHandle$Holder.newInvokeSpecial(java.lang.Object, int, java.lang.Object)'> (0x000000008a2eed10) 
thrown [s\open\src\hotspot\share\interpreter\linkResolver.cpp, line 759]
Event: 0.623 Thread 0x000002029817e620 Exception <a 'java/lang/NoSuchMethodError'{0x000000008a167470}: 'void java.lang.invoke.DirectMethodHandle$Holder.invokeStatic(java.lang.Object, java.lang.Object, java.lang.Object)'> (0x000000008a167470) 
thrown [s\open\src\hotspot\share\interpreter\linkResolver.cpp, line 759]

VM Operations (20 events):
Event: 0.077 Executing VM operation: HandshakeAllThreads
Event: 0.077 Executing VM operation: HandshakeAllThreads done
Event: 0.188 Executing VM operation: HandshakeAllThreads
Event: 0.188 Executing VM operation: HandshakeAllThreads done
Event: 0.252 Executing VM operation: HandshakeAllThreads
Event: 0.252 Executing VM operation: HandshakeAllThreads done
Event: 0.267 Executing VM operation: HandshakeAllThreads
Event: 0.267 Executing VM operation: HandshakeAllThreads done
Event: 0.338 Executing VM operation: HandshakeAllThreads
Event: 0.338 Executing VM operation: HandshakeAllThreads done
Event: 0.402 Executing VM operation: HandshakeAllThreads
Event: 0.402 Executing VM operation: HandshakeAllThreads done
Event: 0.403 Executing VM operation: HandshakeAllThreads
Event: 0.403 Executing VM operation: HandshakeAllThreads done
Event: 0.612 Executing VM operation: ICBufferFull
Event: 0.612 Executing VM operation: ICBufferFull done
Event: 0.615 Executing VM operation: HandshakeAllThreads
Event: 0.615 Executing VM operation: HandshakeAllThreads done
Event: 0.619 Executing VM operation: HandshakeAllThreads
Event: 0.620 Executing VM operation: HandshakeAllThreads done

Events (20 events):
Event: 0.616 loading class java/util/stream/Nodes$AbstractConcNode done
Event: 0.616 loading class java/util/stream/Nodes$ConcNode done
Event: 0.617 loading class java/util/IdentityHashMap$ValueSpliterator
Event: 0.617 loading class java/util/IdentityHashMap$IdentityHashMapSpliterator
Event: 0.618 loading class java/util/IdentityHashMap$IdentityHashMapSpliterator done
Event: 0.618 loading class java/util/IdentityHashMap$ValueSpliterator done
Event: 0.618 loading class java/util/stream/ReduceOps$2
Event: 0.618 loading class java/util/stream/ReduceOps$2 done
Event: 0.618 loading class java/util/stream/ReduceOps$2ReducingSink
Event: 0.618 loading class java/util/stream/ReduceOps$2ReducingSink done
Event: 0.627 loading class java/util/concurrent/ConcurrentLinkedDeque
Event: 0.627 loading class java/util/concurrent/ConcurrentLinkedDeque done
Event: 0.627 loading class java/util/concurrent/ConcurrentLinkedDeque$Node
Event: 0.628 loading class java/util/concurrent/ConcurrentLinkedDeque$Node done
Event: 0.635 loading class sun/reflect/misc/ReflectUtil
Event: 0.635 loading class sun/reflect/misc/ReflectUtil done
Event: 0.636 loading class jdk/internal/reflect/UnsafeQualifiedIntegerFieldAccessorImpl
Event: 0.637 loading class jdk/internal/reflect/UnsafeQualifiedIntegerFieldAccessorImpl done
Event: 0.637 loading class jdk/internal/reflect/UnsafeQualifiedBooleanFieldAccessorImpl
Event: 0.637 loading class jdk/internal/reflect/UnsafeQualifiedBooleanFieldAccessorImpl done


Dynamic libraries:
0x00007ff6c72a0000 - 0x00007ff6c72b0000 	C:\Program Files\Java\jdk-17\bin\javaw.exe
0x00007ff8e9fd0000 - 0x00007ff8ea1c8000 	C:\WINDOWS\SYSTEM32\ntdll.dll
0x00007ff8e94a0000 - 0x00007ff8e9561000 	C:\WINDOWS\System32\KERNEL32.DLL
0x00007ff8e7a80000 - 0x00007ff8e7d7d000 	C:\WINDOWS\System32\KERNELBASE.dll
0x00007ff8e76d0000 - 0x00007ff8e77d0000 	C:\WINDOWS\System32\ucrtbase.dll
0x00007ff8dffa0000 - 0x00007ff8dffb9000 	C:\Program Files\Java\jdk-17\bin\jli.dll
0x00007ff8dffd0000 - 0x00007ff8dffeb000 	C:\Program Files\Java\jdk-17\bin\VCRUNTIME140.dll
0x00007ff8e8a40000 - 0x00007ff8e8af0000 	C:\WINDOWS\System32\ADVAPI32.dll
0x00007ff8e8000000 - 0x00007ff8e809e000 	C:\WINDOWS\System32\msvcrt.dll
0x00007ff8e93a0000 - 0x00007ff8e9440000 	C:\WINDOWS\System32\sechost.dll
0x00007ff8e8910000 - 0x00007ff8e8a33000 	C:\WINDOWS\System32\RPCRT4.dll
0x00007ff8e7fd0000 - 0x00007ff8e7ff7000 	C:\WINDOWS\System32\bcrypt.dll
0x00007ff8e8cb0000 - 0x00007ff8e8e4d000 	C:\WINDOWS\System32\USER32.dll
0x00007ff8d6640000 - 0x00007ff8d68da000 	C:\WINDOWS\WinSxS\amd64_microsoft.windows.common-controls_6595b64144ccf1df_6.0.19041.4355_none_60b8b9eb71f62e16\COMCTL32.dll
0x00007ff8e77d0000 - 0x00007ff8e77f2000 	C:\WINDOWS\System32\win32u.dll
0x00007ff8e97f0000 - 0x00007ff8e981b000 	C:\WINDOWS\System32\GDI32.dll
0x00007ff8e7e20000 - 0x00007ff8e7f37000 	C:\WINDOWS\System32\gdi32full.dll
0x00007ff8e7d80000 - 0x00007ff8e7e1d000 	C:\WINDOWS\System32\msvcp_win.dll
0x00007ff8e0190000 - 0x00007ff8e019a000 	C:\WINDOWS\SYSTEM32\VERSION.dll
0x00007ff8e82a0000 - 0x00007ff8e82cf000 	C:\WINDOWS\System32\IMM32.DLL
0x00007ff8dffc0000 - 0x00007ff8dffcc000 	C:\Program Files\Java\jdk-17\bin\vcruntime140_1.dll
0x00007ff8dff10000 - 0x00007ff8dff9e000 	C:\Program Files\Java\jdk-17\bin\msvcp140.dll
0x00007ff8c7de0000 - 0x00007ff8c89bf000 	C:\Program Files\Java\jdk-17\bin\server\jvm.dll
0x00007ff8e8f20000 - 0x00007ff8e8f28000 	C:\WINDOWS\System32\PSAPI.DLL
0x00007ff8d18a0000 - 0x00007ff8d18a9000 	C:\WINDOWS\SYSTEM32\WSOCK32.dll
0x00007ff8d3e90000 - 0x00007ff8d3eb7000 	C:\WINDOWS\SYSTEM32\WINMM.dll
0x00007ff8e8c40000 - 0x00007ff8e8cab000 	C:\WINDOWS\System32\WS2_32.dll
0x00007ff8e5e90000 - 0x00007ff8e5ea2000 	C:\WINDOWS\SYSTEM32\kernel.appcore.dll
0x00007ff8dfec0000 - 0x00007ff8dfeca000 	C:\Program Files\Java\jdk-17\bin\jimage.dll
0x00007ff8e53c0000 - 0x00007ff8e55a4000 	C:\WINDOWS\SYSTEM32\DBGHELP.DLL
0x00007ff8e08f0000 - 0x00007ff8e0924000 	C:\WINDOWS\SYSTEM32\dbgcore.DLL
0x00007ff8e7f40000 - 0x00007ff8e7fc2000 	C:\WINDOWS\System32\bcryptPrimitives.dll
0x00007ff8dfe70000 - 0x00007ff8dfe95000 	C:\Program Files\Java\jdk-17\bin\java.dll
0x00007ff8c9cd0000 - 0x00007ff8c9da7000 	C:\Program Files\Java\jdk-17\bin\jsvml.dll
0x00007ff8e9820000 - 0x00007ff8e9f8f000 	C:\WINDOWS\System32\SHELL32.dll
0x00007ff8e56e0000 - 0x00007ff8e5e7f000 	C:\WINDOWS\SYSTEM32\windows.storage.dll
0x00007ff8e8400000 - 0x00007ff8e8753000 	C:\WINDOWS\System32\combase.dll
0x00007ff8e70a0000 - 0x00007ff8e70ce000 	C:\WINDOWS\SYSTEM32\Wldp.dll
0x00007ff8e8e50000 - 0x00007ff8e8f1d000 	C:\WINDOWS\System32\OLEAUT32.dll
0x00007ff8e80b0000 - 0x00007ff8e815d000 	C:\WINDOWS\System32\SHCORE.dll
0x00007ff8e8b60000 - 0x00007ff8e8bb5000 	C:\WINDOWS\System32\shlwapi.dll
0x00007ff8e75b0000 - 0x00007ff8e75d4000 	C:\WINDOWS\SYSTEM32\profapi.dll
0x00007ff8dee10000 - 0x00007ff8dee29000 	C:\Program Files\Java\jdk-17\bin\net.dll
0x00007ff8e3b70000 - 0x00007ff8e3c7d000 	C:\WINDOWS\SYSTEM32\WINHTTP.dll
0x00007ff8e6e00000 - 0x00007ff8e6e6a000 	C:\WINDOWS\system32\mswsock.dll
0x00007ff8dedf0000 - 0x00007ff8dee06000 	C:\Program Files\Java\jdk-17\bin\nio.dll
0x00007ff8c9c00000 - 0x00007ff8c9c18000 	C:\Program Files\Java\jdk-17\bin\zip.dll
0x00007ff8be020000 - 0x00007ff8be030000 	C:\Program Files\Java\jdk-17\bin\verify.dll
0x00007ff8e6ae0000 - 0x00007ff8e6baa000 	C:\WINDOWS\SYSTEM32\DNSAPI.dll
0x00007ff8e6a90000 - 0x00007ff8e6acb000 	C:\WINDOWS\SYSTEM32\IPHLPAPI.DLL
0x00007ff8e80a0000 - 0x00007ff8e80a8000 	C:\WINDOWS\System32\NSI.dll
0x00000000676b0000 - 0x00000000676d6000 	C:\Program Files\Bonjour\mdnsNSP.dll
0x00007ff8e1120000 - 0x00007ff8e112a000 	C:\Windows\System32\rasadhlp.dll
0x00007ff8e0b00000 - 0x00007ff8e0b80000 	C:\WINDOWS\System32\fwpuclnt.dll
0x00007ff8e6ff0000 - 0x00007ff8e7008000 	C:\WINDOWS\SYSTEM32\CRYPTSP.dll
0x00007ff8e66b0000 - 0x00007ff8e66e4000 	C:\WINDOWS\system32\rsaenh.dll
0x00007ff8e7520000 - 0x00007ff8e754e000 	C:\WINDOWS\SYSTEM32\USERENV.dll
0x00007ff8e7010000 - 0x00007ff8e701c000 	C:\WINDOWS\SYSTEM32\CRYPTBASE.dll
0x00007ff8e3100000 - 0x00007ff8e3117000 	C:\WINDOWS\SYSTEM32\dhcpcsvc6.DLL
0x00007ff8e30e0000 - 0x00007ff8e30fd000 	C:\WINDOWS\SYSTEM32\dhcpcsvc.DLL

dbghelp: loaded successfully - version: 4.0.5 - missing functions: none
symbol engine: initialized successfully - sym options: 0x614 - pdb path: .;C:\Program Files\Java\jdk-17\bin;C:\WINDOWS\SYSTEM32;C:\WINDOWS\WinSxS\amd64_microsoft.windows.common-controls_6595b64144ccf1df_6.0.19041.4355_none_60b8b9eb71f62e16;C:\Program Files\Java\jdk-17\bin\server;C:\Program Files\Bonjour

VM Arguments:
jvm_args: -ea -Dfile.encoding=UTF-8 -Dstdout.encoding=UTF-8 -Dstderr.encoding=UTF-8 -XX:+ShowCodeDetailsInExceptionMessages 
java_command: org.testng.remote.RemoteTestNG -serport 53123 -protocol json -d C:\Users\Basil\git\Selenium_Learning\selenium\test-output C:\Users\Basil\AppData\Local\Temp\testng-eclipse-386664309\testng-customsuite.xml
java_class_path (initial): C:\Users\Basil\eclipse\java-2024-03\eclipse\configuration\org.eclipse.osgi\524\0\.cp\lib\testng-remote.jar;C:\Users\Basil\git\Selenium_Learning\selenium\target\test-classes;C:\Users\Basil\git\Selenium_Learning\selenium\target\classes;C:\Users\Basil\.m2\repository\org\seleniumhq\selenium\selenium-java\4.18.1\selenium-java-4.18.1.jar;C:\Users\Basil\.m2\repository\org\seleniumhq\selenium\selenium-api\4.18.1\selenium-api-4.18.1.jar;C:\Users\Basil\.m2\repository\org\seleniumhq\selenium\selenium-chrome-driver\4.18.1\selenium-chrome-driver-4.18.1.jar;C:\Users\Basil\.m2\repository\com\google\auto\service\auto-service-annotations\1.1.1\auto-service-annotations-1.1.1.jar;C:\Users\Basil\.m2\repository\org\seleniumhq\selenium\selenium-chromium-driver\4.18.1\selenium-chromium-driver-4.18.1.jar;C:\Users\Basil\.m2\repository\org\seleniumhq\selenium\selenium-json\4.18.1\selenium-json-4.18.1.jar;C:\Users\Basil\.m2\repository\org\seleniumhq\selenium\selenium-manager\4.18.1\selenium-manager-4.18.1.jar;C:\Users\Basil\.m2\repository\org\seleniumhq\selenium\selenium-devtools-v120\4.18.1\selenium-devtools-v120-4.18.1.jar;C:\Users\Basil\.m2\repository\org\seleniumhq\selenium\selenium-devtools-v121\4.18.1\selenium-devtools-v121-4.18.1.jar;C:\Users\Basil\.m2\repository\org\seleniumhq\selenium\selenium-devtools-v122\4.18.1\selenium-devtools-v122-4.18.1.jar;C:\Users\Basil\.m2\repository\org\seleniumhq\selenium\selenium-devtools-v85\4.18.1\selenium-devtools-v85-4.18.1.jar;C:\Users\Basil\.m2\repository\org\seleniumhq\selenium\selenium-edge-driver\4.18.1\selenium-edge-driver-4.18.1.jar;C:\Users\Basil\.m2\repository\org\seleniumhq\selenium\selenium-firefox-driver\4.18.1\selenium-firefox-driver-4.18.1.jar;C:\Users\Basil\.m2\repository\org\seleniumhq\selenium\selenium-http\4.18.1\selenium-http-4.18.1.jar;C:\Users\Basil\.m2\repository\dev\failsafe\failsafe\3.3.2\failsafe-3.3.2.jar;C:\Users\Basil\.m2\repository\org\seleniumhq\selenium\selenium-ie-driver\4.18.1\selenium-ie-
Launcher Type: SUN_STANDARD

[Global flags]
     intx CICompilerCount                          = 4                                         {product} {ergonomic}
     uint ConcGCThreads                            = 2                                         {product} {ergonomic}
     uint G1ConcRefinementThreads                  = 8                                         {product} {ergonomic}
   size_t G1HeapRegionSize                         = 1048576                                   {product} {ergonomic}
    uintx GCDrainStackTargetSize                   = 64                                        {product} {ergonomic}
   size_t InitialHeapSize                          = 132120576                                 {product} {ergonomic}
   size_t MarkStackSize                            = 4194304                                   {product} {ergonomic}
   size_t MaxHeapSize                              = 2090860544                                {product} {ergonomic}
   size_t MaxNewSize                               = 1254096896                                {product} {ergonomic}
   size_t MinHeapDeltaBytes                        = 1048576                                   {product} {ergonomic}
   size_t MinHeapSize                              = 8388608                                   {product} {ergonomic}
    uintx NonNMethodCodeHeapSize                   = 5839372                                {pd product} {ergonomic}
    uintx NonProfiledCodeHeapSize                  = 122909434                              {pd product} {ergonomic}
    uintx ProfiledCodeHeapSize                     = 122909434                              {pd product} {ergonomic}
    uintx ReservedCodeCacheSize                    = 251658240                              {pd product} {ergonomic}
     bool SegmentedCodeCache                       = true                                      {product} {ergonomic}
     bool ShowCodeDetailsInExceptionMessages       = true                                   {manageable} {command line}
   size_t SoftMaxHeapSize                          = 2090860544                             {manageable} {ergonomic}
     bool UseCompressedClassPointers               = true                           {product lp64_product} {ergonomic}
     bool UseCompressedOops                        = true                           {product lp64_product} {ergonomic}
     bool UseG1GC                                  = true                                      {product} {ergonomic}
     bool UseLargePagesIndividualAllocation        = false                                  {pd product} {ergonomic}

Logging:
Log output configuration:
 #0: stdout all=warning uptime,level,tags
 #1: stderr all=off uptime,level,tags

Environment Variables:
JAVA_HOME=C:\Program Files\Java\jdk-17\
PATH=C:\Program Files\Common Files\Oracle\Java\javapath;C:\WINDOWS\system32;C:\WINDOWS;C:\WINDOWS\System32\Wbem;C:\WINDOWS\System32\WindowsPowerShell\v1.0\;C:\WINDOWS\System32\OpenSSH\;C:\Program Files\apache-maven-3.9.6\bin;C:\Program Files\Git\cmd;C:\Program Files\apache-maven-3.9.6\bin;C:\Users\Basil\AppData\Local\Microsoft\WindowsApps;
USERNAME=Basil
OS=Windows_NT
PROCESSOR_IDENTIFIER=Intel64 Family 6 Model 140 Stepping 1, GenuineIntel



---------------  S Y S T E M  ---------------

OS:
 Windows 10 , 64 bit Build 19041 (10.0.19041.4717)
OS uptime: 9 days 4:10 hours

CPU: total 8 (initial active 8) (4 cores per cpu, 2 threads per core) family 6 model 140 stepping 1 microcode 0xb6, cx8, cmov, fxsr, ht, mmx, 3dnowpref, sse, sse2, sse3, ssse3, sse4.1, sse4.2, popcnt, lzcnt, tsc, tscinvbit, avx, avx2, aes, erms, clmul, bmi1, bmi2, adx, avx512f, avx512dq, avx512cd, avx512bw, avx512vl, sha, fma, vzeroupper, avx512_vpopcntdq, avx512_vpclmulqdq, avx512_vaes, avx512_vnni, clflush, clflushopt, clwb, avx512_vbmi2, avx512_vbmi

Memory: 4k page, system-wide physical 7975M (200M free)
TotalPageFile size 28945M (AvailPageFile size 5M)
current process WorkingSet (physical memory assigned to process): 78M, peak: 78M
current process commit charge ("private bytes"): 229M, peak: 229M

vm_info: Java HotSpot(TM) 64-Bit Server VM (17.0.10+11-LTS-240) for windows-amd64 JRE (17.0.10+11-LTS-240), built on Dec 19 2023 21:47:25 by "mach5one" with MS VC++ 17.1 (VS2022)

END.
